<?xml version="1.0" encoding="UTF-8"?>
<!-- Generated by org.testng.reporters.JUnitReportReporter -->
<testsuite hostname="Vipin99Lappi" failures="0" tests="2" name="automation.Testing" time="0.030" errors="0" timestamp="2022-07-12T18:50:42 IST" skipped="0">
  <testcase classname="automation.Testing" name="dataclear" time="0.016"/>
  <system-out/>
  <testcase classname="automation.Testing" name="dataclear" time="0.014"/>
  <system-out/>
</testsuite> <!-- automation.Testing -->
